Using pre-set license
Built from '2020.2/release' branch; Version is '2020.2.1f1 (270dd8c3da1c) revision 2559448'; Using compiler version '192528614'; Build Type 'Release'
OS: 'Windows 10  (10.0.0) 64bit' Language: 'ko' Physical Memory: 32706 MB
BatchMode: 1, IsHumanControllingUs: 0, StartBugReporterOnCrash: 0, Is64bit: 1, IsPro: 0

 COMMAND LINE ARGUMENTS:
C:\Program Files\Unity\Hub\Editor\2020.2.1f1\Editor\Unity.exe
-adb2
-batchMode
-noUpm
-name
AssetImportWorker0
-projectPath
C:/Users/user/Desktop/workspace/Unity/git/ARTest/ARPlaneDetection
-logFile
Logs/AssetImportWorker0.log
-srvPort
8410
Successfully changed project path to: C:/Users/user/Desktop/workspace/Unity/git/ARTest/ARPlaneDetection
C:/Users/user/Desktop/workspace/Unity/git/ARTest/ARPlaneDetection
Using Asset Import Pipeline V2.
Refreshing native plugins compatible for Editor in 18.57 ms, found 0 plugins.
Preloading 0 native plugins for Editor in 0.00 ms.
Initialize engine version: 2020.2.1f1 (270dd8c3da1c)
[Subsystems] Discovering subsystems at path C:/Program Files/Unity/Hub/Editor/2020.2.1f1/Editor/Data/Resources/UnitySubsystems
[Subsystems] Discovering subsystems at path C:/Users/user/Desktop/workspace/Unity/git/ARTest/ARPlaneDetection/Assets
GfxDevice: creating device client; threaded=0
Direct3D:
    Version:  Direct3D 11.0 [level 11.1]
    Renderer: Radeon RX 5500 XT (ID=0x7340)
    Vendor:   
    VRAM:     8152 MB
    Driver:   27.20.14501.18003
Initialize mono
Mono path[0] = 'C:/Program Files/Unity/Hub/Editor/2020.2.1f1/Editor/Data/Managed'
Mono path[1] = 'C:/Program Files/Unity/Hub/Editor/2020.2.1f1/Editor/Data/MonoBleedingEdge/lib/mono/unityjit'
Mono config path = 'C:/Program Files/Unity/Hub/Editor/2020.2.1f1/Editor/Data/MonoBleedingEdge/etc'
Using monoOptions --debugger-agent=transport=dt_socket,embedding=1,server=y,suspend=n,address=127.0.0.1:56068
Begin MonoManager ReloadAssembly
Registering precompiled unity dll's ...
Register platform support module: C:/Program Files/Unity/Hub/Editor/2020.2.1f1/Editor/Data/PlaybackEngines/WindowsStandaloneSupport/UnityEditor.WindowsStandalone.Extensions.dll
Registered in 0.001671 seconds.
Native extension for WindowsStandalone target not found
Refreshing native plugins compatible for Editor in 17.24 ms, found 0 plugins.
Preloading 0 native plugins for Editor in 0.00 ms.
Invoked RoslynAnalysisRunner static constructor.
RoslynAnalysisRunner will not be running.
RoslynAnalysisRunner has terminated.
Mono: successfully reloaded assembly
- Completed reload, in  1.402 seconds
Platform modules already initialized, skipping
Registering precompiled user dll's ...
Registered in 0.000580 seconds.
Begin MonoManager ReloadAssembly
Native extension for WindowsStandalone target not found
Refreshing native plugins compatible for Editor in 0.17 ms, found 0 plugins.
Preloading 0 native plugins for Editor in 0.00 ms.
Invoked RoslynAnalysisRunner static constructor.
RoslynAnalysisRunner will not be running.
RoslynAnalysisRunner has terminated.
Mono: successfully reloaded assembly
- Completed reload, in  0.645 seconds
Platform modules already initialized, skipping
========================================================================
Worker process is ready to serve import requests
Launched and connected shader compiler UnityShaderCompiler.exe after 0.02 seconds
Refreshing native plugins compatible for Editor in 0.20 ms, found 0 plugins.
Preloading 0 native plugins for Editor in 0.00 ms.
Unloading 1094 Unused Serialized files (Serialized files now loaded: 0)
System memory in use before: 55.9 MB.
System memory in use after: 56.0 MB.

Unloading 10 unused Assets to reduce memory usage. Loaded Objects now: 1533.
Total: 1.451900 ms (FindLiveObjects: 0.133800 ms CreateObjectMapping: 0.066400 ms MarkObjects: 1.204500 ms  DeleteObjects: 0.046400 ms)

========================================================================
Received Import Request.
  path: Assets
  artifactKey: Guid(00000000000000001000000000000000) Importer(815301076,1909f56bfc062723c751e8b465ee728b)
Start importing Assets using Guid(00000000000000001000000000000000) Importer(815301076,1909f56bfc062723c751e8b465ee728b)  -> (artifact id: 'e1a2c4dac9df7c17871e19a3b74f0e9f') in 0.003868 seconds
  Import took 0.005287 seconds .

========================================================================
Received Import Request.
  Time since last request: 1.050076 seconds.
  path: Assets/Scripts
  artifactKey: Guid(339dee82b5b2f994a9ec69eb18bce9aa) Importer(815301076,1909f56bfc062723c751e8b465ee728b)
Start importing Assets/Scripts using Guid(339dee82b5b2f994a9ec69eb18bce9aa) Importer(815301076,1909f56bfc062723c751e8b465ee728b)  -> (artifact id: '257d3529332bce18a6efbfd0f9d21cea') in 0.002805 seconds
  Import took 0.004260 seconds .

========================================================================
Received Prepare
Registering precompiled user dll's ...
Registered in 0.000513 seconds.
Begin MonoManager ReloadAssembly
Native extension for WindowsStandalone target not found
Refreshing native plugins compatible for Editor in 0.17 ms, found 0 plugins.
Preloading 0 native plugins for Editor in 0.00 ms.
Invoked RoslynAnalysisRunner static constructor.
RoslynAnalysisRunner will not be running.
RoslynAnalysisRunner has terminated.
Mono: successfully reloaded assembly
- Completed reload, in  0.620 seconds
Platform modules already initialized, skipping
Refreshing native plugins compatible for Editor in 0.16 ms, found 0 plugins.
Preloading 0 native plugins for Editor in 0.00 ms.
Unloading 1093 Unused Serialized files (Serialized files now loaded: 0)
System memory in use before: 56.0 MB.
System memory in use after: 56.1 MB.

Unloading 5 unused Assets to reduce memory usage. Loaded Objects now: 1535.
Total: 1.456000 ms (FindLiveObjects: 0.206500 ms CreateObjectMapping: 0.057800 ms MarkObjects: 1.154700 ms  DeleteObjects: 0.035200 ms)

========================================================================
Received Prepare
Refreshing native plugins compatible for Editor in 0.83 ms, found 0 plugins.
Preloading 0 native plugins for Editor in 0.00 ms.
Unloading 6 Unused Serialized files (Serialized files now loaded: 0)
System memory in use before: 34.5 MB.
System memory in use after: 34.6 MB.

Unloading 3 unused Assets to reduce memory usage. Loaded Objects now: 1535.
Total: 1.284400 ms (FindLiveObjects: 0.118400 ms CreateObjectMapping: 0.044100 ms MarkObjects: 1.089800 ms  DeleteObjects: 0.031100 ms)

========================================================================
Received Prepare
Refreshing native plugins compatible for Editor in 0.65 ms, found 0 plugins.
Preloading 0 native plugins for Editor in 0.00 ms.
Unloading 3 Unused Serialized files (Serialized files now loaded: 0)
System memory in use before: 34.5 MB.
System memory in use after: 34.6 MB.

Unloading 3 unused Assets to reduce memory usage. Loaded Objects now: 1535.
Total: 1.336900 ms (FindLiveObjects: 0.117900 ms CreateObjectMapping: 0.029400 ms MarkObjects: 1.157800 ms  DeleteObjects: 0.030800 ms)

========================================================================
Received Prepare
Registering precompiled user dll's ...
Registered in 0.000562 seconds.
Begin MonoManager ReloadAssembly
Native extension for WindowsStandalone target not found
Refreshing native plugins compatible for Editor in 0.19 ms, found 0 plugins.
Preloading 0 native plugins for Editor in 0.00 ms.
Invoked RoslynAnalysisRunner static constructor.
RoslynAnalysisRunner will not be running.
RoslynAnalysisRunner has terminated.
Mono: successfully reloaded assembly
- Completed reload, in  0.674 seconds
Platform modules already initialized, skipping
Refreshing native plugins compatible for Editor in 0.16 ms, found 0 plugins.
Preloading 0 native plugins for Editor in 0.00 ms.
Unloading 1163 Unused Serialized files (Serialized files now loaded: 0)
System memory in use before: 58.5 MB.
System memory in use after: 58.6 MB.

Unloading 5 unused Assets to reduce memory usage. Loaded Objects now: 1609.
Total: 1.328500 ms (FindLiveObjects: 0.126800 ms CreateObjectMapping: 0.034000 ms MarkObjects: 1.138400 ms  DeleteObjects: 0.028700 ms)

========================================================================
Received Prepare
Registering precompiled user dll's ...
Registered in 0.000588 seconds.
Begin MonoManager ReloadAssembly
Native extension for WindowsStandalone target not found
Refreshing native plugins compatible for Editor in 0.23 ms, found 0 plugins.
Preloading 0 native plugins for Editor in 0.00 ms.
Invoked RoslynAnalysisRunner static constructor.
RoslynAnalysisRunner will not be running.
RoslynAnalysisRunner has terminated.
Mono: successfully reloaded assembly
- Completed reload, in  0.641 seconds
Platform modules already initialized, skipping
Refreshing native plugins compatible for Editor in 0.20 ms, found 0 plugins.
Preloading 0 native plugins for Editor in 0.00 ms.
Unloading 1316 Unused Serialized files (Serialized files now loaded: 0)
System memory in use before: 62.8 MB.
System memory in use after: 62.9 MB.

Unloading 7 unused Assets to reduce memory usage. Loaded Objects now: 1763.
Total: 1.447800 ms (FindLiveObjects: 0.119300 ms CreateObjectMapping: 0.033200 ms MarkObjects: 1.261300 ms  DeleteObjects: 0.033200 ms)

========================================================================
Received Prepare
Registering precompiled user dll's ...
Registered in 0.000620 seconds.
Begin MonoManager ReloadAssembly
Native extension for WindowsStandalone target not found
Refreshing native plugins compatible for Editor in 0.23 ms, found 0 plugins.
Preloading 0 native plugins for Editor in 0.00 ms.
Invoked RoslynAnalysisRunner static constructor.
RoslynAnalysisRunner will not be running.
RoslynAnalysisRunner has terminated.
Mono: successfully reloaded assembly
- Completed reload, in  0.669 seconds
Platform modules already initialized, skipping
Refreshing native plugins compatible for Editor in 0.27 ms, found 0 plugins.
Preloading 0 native plugins for Editor in 0.00 ms.
Unloading 1401 Unused Serialized files (Serialized files now loaded: 0)
System memory in use before: 65.5 MB.
System memory in use after: 65.5 MB.

Unloading 7 unused Assets to reduce memory usage. Loaded Objects now: 1855.
Total: 1.473000 ms (FindLiveObjects: 0.136000 ms CreateObjectMapping: 0.041600 ms MarkObjects: 1.256700 ms  DeleteObjects: 0.037700 ms)

========================================================================
Received Import Request.
  Time since last request: 805.841764 seconds.
  path: Assets/Materials
  artifactKey: Guid(e867a4cc111dc794788d269cdd4ec51f) Importer(815301076,1909f56bfc062723c751e8b465ee728b)
Start importing Assets/Materials using Guid(e867a4cc111dc794788d269cdd4ec51f) Importer(815301076,1909f56bfc062723c751e8b465ee728b)  -> (artifact id: '45ce705bc7c6873d89ace8a9037af317') in 0.005293 seconds
  Import took 0.007493 seconds .

========================================================================
Received Import Request.
  Time since last request: 23.386523 seconds.
  path: Assets/Prefabs
  artifactKey: Guid(5b630d40a13bb9542b52b3c39f8d674b) Importer(815301076,1909f56bfc062723c751e8b465ee728b)
Start importing Assets/Prefabs using Guid(5b630d40a13bb9542b52b3c39f8d674b) Importer(815301076,1909f56bfc062723c751e8b465ee728b)  -> (artifact id: '89504988caa071712be52a89e4d4076d') in 0.002489 seconds
  Import took 0.004264 seconds .

========================================================================
Received Import Request.
  Time since last request: 1.805157 seconds.
  path: Assets/Prefabs/AR Default Plane.prefab
  artifactKey: Guid(4a6d0afc65c94e344b7f16fd106aae2a) Importer(815301076,1909f56bfc062723c751e8b465ee728b)
Start importing Assets/Prefabs/AR Default Plane.prefab using Guid(4a6d0afc65c94e344b7f16fd106aae2a) Importer(815301076,1909f56bfc062723c751e8b465ee728b)  -> (artifact id: 'a225439926a1d9a096ace798e8d6cecf') in 0.034063 seconds
  Import took 0.035924 seconds .

========================================================================
Received Prepare
Refreshing native plugins compatible for Editor in 0.94 ms, found 0 plugins.
Preloading 0 native plugins for Editor in 0.00 ms.
Unloading 7 Unused Serialized files (Serialized files now loaded: 0)
System memory in use before: 37.7 MB.
System memory in use after: 37.8 MB.

Unloading 3 unused Assets to reduce memory usage. Loaded Objects now: 1856.
Total: 2.206500 ms (FindLiveObjects: 0.256100 ms CreateObjectMapping: 0.098400 ms MarkObjects: 1.818100 ms  DeleteObjects: 0.033100 ms)

========================================================================
Received Import Request.
  Time since last request: 2507.386151 seconds.
  path: Assets/Prefabs/AR Default Plane.prefab
  artifactKey: Guid(4a6d0afc65c94e344b7f16fd106aae2a) Importer(815301076,1909f56bfc062723c751e8b465ee728b)
Start importing Assets/Prefabs/AR Default Plane.prefab using Guid(4a6d0afc65c94e344b7f16fd106aae2a) Importer(815301076,1909f56bfc062723c751e8b465ee728b)  -> (artifact id: '036d0d3f1ed547061af8c55c38e93c4c') in 0.004161 seconds
  Import took 0.006317 seconds .

========================================================================
Received Import Request.
  Time since last request: 0.995869 seconds.
  path: Assets/Prefabs/AR Default Plane.prefab
  artifactKey: Guid(4a6d0afc65c94e344b7f16fd106aae2a) Importer(815301076,1909f56bfc062723c751e8b465ee728b)
Start importing Assets/Prefabs/AR Default Plane.prefab using Guid(4a6d0afc65c94e344b7f16fd106aae2a) Importer(815301076,1909f56bfc062723c751e8b465ee728b)  -> (artifact id: '0f6e4fc8cc50f1fa5f7086fbe99abdd3') in 0.003382 seconds
  Import took 0.005190 seconds .

========================================================================
Received Import Request.
  Time since last request: 22.487327 seconds.
  path: Assets/Prefabs/AR Default Plane.prefab
  artifactKey: Guid(4a6d0afc65c94e344b7f16fd106aae2a) Importer(815301076,1909f56bfc062723c751e8b465ee728b)
Start importing Assets/Prefabs/AR Default Plane.prefab using Guid(4a6d0afc65c94e344b7f16fd106aae2a) Importer(815301076,1909f56bfc062723c751e8b465ee728b)  -> (artifact id: 'a21b56dae78d038f5159242e2050da44') in 0.003461 seconds
  Import took 0.005319 seconds .

========================================================================
Received Import Request.
  Time since last request: 145.001260 seconds.
  path: Assets/XR
  artifactKey: Guid(5de69b86af5da914bac240274f815ece) Importer(815301076,1909f56bfc062723c751e8b465ee728b)
Start importing Assets/XR using Guid(5de69b86af5da914bac240274f815ece) Importer(815301076,1909f56bfc062723c751e8b465ee728b)  -> (artifact id: '88c79406b92e8657002d4117adf4c95c') in 0.002415 seconds
  Import took 0.004190 seconds .

========================================================================
Received Import Request.
  Time since last request: 2.588062 seconds.
  path: Assets/Scenes
  artifactKey: Guid(3528a2fd21f25804fafb7e4214d9fedd) Importer(815301076,1909f56bfc062723c751e8b465ee728b)
Start importing Assets/Scenes using Guid(3528a2fd21f25804fafb7e4214d9fedd) Importer(815301076,1909f56bfc062723c751e8b465ee728b)  -> (artifact id: '2ac0c0ec2421e28633dc573dd5ea59df') in 0.002422 seconds
  Import took 0.004184 seconds .

AssetImportWorkerClient::OnTransportError - code=2 error=End of file
